app/build/outputs/logs/manifest-merger-debug-report.txt
-- Merging decision tree log ---
manifest
ADDED from src\main\AndroidManifest.xml:2:1-243:12
	package
		ADDED from src\main\AndroidManifest.xml:3:5-37
		INJECTED from src\main\AndroidManifest.xml
		INJECTED from src\main\AndroidManifest.xml
	android:versionName
		INJECTED from src\main\AndroidManifest.xml
		INJECTED from src\main\AndroidManifest.xml
	xmlns:android
		ADDED from src\main\AndroidManifest.xml:2:11-69
	android:versionCode
		INJECTED from src\main\AndroidManifest.xml
		INJECTED from src\main\AndroidManifest.xml
	android:installLocation
		ADDED from src\main\AndroidManifest.xml:4:5-43
uses-permission#android.permission.INTERNET
ADDED from src\main\AndroidManifest.xml:7:5-67
MERGED from [com.google.android.gms:play-services-ads-lite:11.8.0] AndroidManifest.xml:23:5-67
MERGED from [com.google.android.gms:play-services-analytics:11.8.0] AndroidManifest.xml:23:5-67
MERGED from [com.google.android.gms:play-services-appinvite:11.8.0] AndroidManifest.xml:22:5-67
MERGED from [com.google.firebase:firebase-crash:11.8.0] AndroidManifest.xml:22:5-67
MERGED from [com.google.android.gms:play-services-gcm:11.8.0] AndroidManifest.xml:24:5-67
MERGED from [com.google.android.gms:play-services-iid:11.8.0] AndroidManifest.xml:24:5-67
MERGED from [com.google.android.gms:play-services-tagmanager-api:11.8.0] AndroidManifest.xml:23:5-67
MERGED from [com.google.android.gms:play-services-analytics-impl:11.8.0] AndroidManifest.xml:23:5-67
MERGED from [com.google.android.gms:play-services-maps:11.8.0] AndroidManifest.xml:24:5-67
MERGED from [com.google.firebase:firebase-analytics:11.8.0] AndroidManifest.xml:23:5-67
MERGED from [com.google.firebase:firebase-analytics-impl:11.8.0] AndroidManifest.xml:23:5-67
MERGED from [com.google.firebase:firebase-iid:11.8.0] AndroidManifest.xml:23:5-67
	android:name
		ADDED from src\main\AndroidManifest.xml:7:22-64
uses-permission#android.permission.ACCESS_WIFI_STATE
ADDED from src\main\AndroidManifest.xml:8:5-76
	android:name
		ADDED from src\main\AndroidManifest.xml:8:22-73
uses-permission#android.permission.ACCESS_NETWORK_STATE
ADDED from src\main\AndroidManifest.xml:9:5-79
MERGED from [com.google.android.gms:play-services-ads-lite:11.8.0] AndroidManifest.xml:24:5-79
MERGED from [com.google.android.gms:play-services-analytics:11.8.0] AndroidManifest.xml:24:5-79
MERGED from [com.google.android.gms:play-services-nearby:11.8.0] AndroidManifest.xml:7:5-79
MERGED from [com.google.android.gms:play-services-tagmanager-api:11.8.0] AndroidManifest.xml:24:5-79
MERGED from [com.google.android.gms:play-services-analytics-impl:11.8.0] AndroidManifest.xml:24:5-79
MERGED from [com.google.android.gms:play-services-maps:11.8.0] AndroidManifest.xml:23:5-79
MERGED from [com.google.firebase:firebase-analytics:11.8.0] AndroidManifest.xml:24:5-79
MERGED from [com.google.firebase:firebase-analytics-impl:11.8.0] AndroidManifest.xml:24:5-79
MERGED from [com.google.firebase:firebase-iid:11.8.0] AndroidManifest.xml:22:5-79
	android:name
		ADDED from src\main\AndroidManifest.xml:9:22-76
uses-permission#android.permission.CALL_PHONE
ADDED from src\main\AndroidManifest.xml:10:5-69
	android:name
		ADDED from src\main\AndroidManifest.xml:10:22-66
uses-permission#android.permission.WRITE_EXTERNAL_STORAGE
ADDED from src\main\AndroidManifest.xml:11:5-81
	android:name
		ADDED from src\main\AndroidManifest.xml:11:22-78
uses-permission#android.permission.READ_EXTERNAL_STORAGE
ADDED from src\main\AndroidManifest.xml:12:5-80
	android:name
		ADDED from src\main\AndroidManifest.xml:12:22-77
uses-permission#android.permission.ACCESS_FINE_LOCATION
ADDED from src\main\AndroidManifest.xml:13:5-79
	android:name
		ADDED from src\main\AndroidManifest.xml:13:22-76
uses-permission#android.permission.RECEIVE_BOOT_COMPLETED
ADDED from src\main\AndroidManifest.xml:16:5-80
	android:name
		ADDED from src\main\AndroidManifest.xml:16:22-78
uses-permission#android.permission.READ_CALENDAR
ADDED from src\main\AndroidManifest.xml:17:5-71
	android:name
		ADDED from src\main\AndroidManifest.xml:17:22-69
uses-feature#android.hardware.location.gps
ADDED from src\main\AndroidManifest.xml:18:5-66
	android:name
		ADDED from src\main\AndroidManifest.xml:18:19-63
uses-permission#android.permission.ACCESS_COARSE_LOCATION
ADDED from src\main\AndroidManifest.xml:23:5-80
	android:name
		ADDED from src\main\AndroidManifest.xml:23:22-78
uses-feature#0x00020000
ADDED from src\main\AndroidManifest.xml:25:4-27:30
MERGED from [com.google.android.gms:play-services-maps:11.8.0] AndroidManifest.xml:26:5-28:35
	android:glEsVersion
		ADDED from src\main\AndroidManifest.xml:26:5-37
	android:required
		ADDED from src\main\AndroidManifest.xml:27:5-28
uses-permission#android.permission.WAKE_LOCK
ADDED from src\main\AndroidManifest.xml:30:5-68
MERGED from [com.google.android.gms:play-services-analytics:11.8.0] AndroidManifest.xml:27:5-68
MERGED from [com.google.android.gms:play-services-analytics-impl:11.8.0] AndroidManifest.xml:27:5-68
MERGED from [com.google.firebase:firebase-analytics:11.8.0] AndroidManifest.xml:25:5-68
MERGED from [com.google.firebase:firebase-analytics-impl:11.8.0] AndroidManifest.xml:25:5-68
MERGED from [com.google.firebase:firebase-iid:11.8.0] AndroidManifest.xml:24:5-68
	android:name
		ADDED from src\main\AndroidManifest.xml:30:22-65
uses-permission#android.permission.VIBRATE
ADDED from src\main\AndroidManifest.xml:38:5-66
	android:name
		ADDED from src\main\AndroidManifest.xml:38:22-63
application
ADDED from src\main\AndroidManifest.xml:41:5-241:19
MERGED from [com.android.support:design:26.0.0] AndroidManifest.xml:25:5-29:19
MERGED from [com.android.support:recyclerview-v7:26.0.0] AndroidManifest.xml:22:5-26:19
MERGED from [com.android.support:transition:26.0.0] AndroidManifest.xml:22:5-26:19
MERGED from [com.google.android.gms:play-services:11.8.0] AndroidManifest.xml:5:5-20
MERGED from [com.google.android.gms:play-services-ads-license:11.8.0] AndroidManifest.xml:5:5-20
MERGED from [com.google.android.gms:play-services-ads-lite:11.8.0] AndroidManifest.xml:26:5-34:19
MERGED from [com.google.android.gms:play-services-ads-lite-license:11.8.0] AndroidManifest.xml:5:5-20
MERGED from [com.google.android.gms:play-services-analytics:11.8.0] AndroidManifest.xml:29:5-45:19
MERGED from [com.google.android.gms:play-services-analytics-license:11.8.0] AndroidManifest.xml:5:5-20
MERGED from [com.google.android.gms:play-services-appinvite:11.8.0] AndroidManifest.xml:24:5-35:19
MERGED from [com.google.android.gms:play-services-appinvite-license:11.8.0] AndroidManifest.xml:5:5-20
MERGED from [com.google.android.gms:play-services-auth:11.8.0] AndroidManifest.xml:22:5-37:19
MERGED from [com.google.android.gms:play-services-auth-api-phone-license:11.8.0] AndroidManifest.xml:5:5-20
MERGED from [com.google.android.gms:play-services-auth-base-license:11.8.0] AndroidManifest.xml:5:5-20
MERGED from [com.google.android.gms:play-services-cast-framework:11.8.0] AndroidManifest.xml:7:5-12:19
MERGED from [com.google.android.gms:play-services-cast-framework-license:11.8.0] AndroidManifest.xml:5:5-20
MERGED from [com.google.android.gms:play-services-cast:11.8.0] AndroidManifest.xml:22:5-20
MERGED from [com.android.support:mediarouter-v7:25.2.0] AndroidManifest.xml:22:5-20
MERGED from [com.android.support:appcompat-v7:26.0.0] AndroidManifest.xml:25:5-29:19
MERGED from [com.android.support:animated-vector-drawable:26.0.0] AndroidManifest.xml:22:5-26:19
MERGED from [com.android.support:support-vector-drawable:26.0.0] AndroidManifest.xml:22:5-26:19
MERGED from [com.android.support:palette-v7:25.2.0] AndroidManifest.xml:22:5-23:19
MERGED from [com.google.android.gms:play-services-cast-license:11.8.0] AndroidManifest.xml:5:5-20
MERGED from [com.google.firebase:firebase-config:11.8.0] AndroidManifest.xml:22:5-20
MERGED from [com.google.firebase:firebase-config-license:11.8.0] AndroidManifest.xml:5:5-20
MERGED from [com.google.android.gms:play-services-awareness:11.8.0] AndroidManifest.xml:22:5-20
MERGED from [com.google.android.gms:play-services-awareness-license:11.8.0] AndroidManifest.xml:5:5-20
MERGED from [com.google.firebase:firebase-crash:11.8.0] AndroidManifest.xml:24:5-25:19
MERGED from [com.google.firebase:firebase-crash-license:11.8.0] AndroidManifest.xml:5:5-20
MERGED from [com.google.android.gms:play-services-fido:11.8.0] AndroidManifest.xml:7:5-8:19
MERGED from [com.google.android.gms:play-services-fido-license:11.8.0] AndroidManifest.xml:5:5-20
MERGED from [com.google.firebase:firebase-auth:11.8.0] AndroidManifest.xml:22:5-30:19
MERGED from [com.google.firebase:firebase-auth-license:11.8.0] AndroidManifest.xml:5:5-20
MERGED from [com.google.firebase:firebase-database-connection-license:11.8.0] AndroidManifest.xml:5:5-20
MERGED from [com.google.firebase:firebase-database-license:11.8.0] AndroidManifest.xml:5:5-20
MERGED from [com.google.firebase:firebase-dynamic-links:11.8.0] AndroidManifest.xml:7:5-20
MERGED from [com.google.firebase:firebase-dynamic-links-license:11.8.0] AndroidManifest.xml:5:5-20
MERGED from [com.google.firebase:firebase-storage-license:11.8.0] AndroidManifest.xml:5:5-20
MERGED from [com.google.firebase:firebase-storage-common-license:11.8.0] AndroidManifest.xml:5:5-20
MERGED from [com.google.android.gms:play-services-fitness:11.8.0] AndroidManifest.xml:22:5-20
MERGED from [com.google.android.gms:play-services-fitness-license:11.8.0] AndroidManifest.xml:5:5-20
MERGED from [com.google.android.gms:play-services-games:11.8.0] AndroidManifest.xml:22:5-20
MERGED from [com.google.android.gms:play-services-drive:11.8.0] AndroidManifest.xml:22:5-20
MERGED from [com.google.android.gms:play-services-drive-license:11.8.0] AndroidManifest.xml:5:5-20
MERGED from [com.google.android.gms:play-services-games-license:11.8.0] AndroidManifest.xml:5:5-20
MERGED from [com.google.android.gms:play-services-gass:11.8.0] AndroidManifest.xml:7:5-20
MERGED from [com.google.android.gms:play-services-gass-license:11.8.0] AndroidManifest.xml:5:5-20
MERGED from [com.google.android.gms:play-services-gcm:11.8.0] AndroidManifest.xml:26:5-20
MERGED from [com.google.android.gms:play-services-gcm-license:11.8.0] AndroidManifest.xml:5:5-20
MERGED from [com.google.firebase:firebase-appindexing:11.8.0] AndroidManifest.xml:22:5-20
MERGED from [com.google.firebase:firebase-appindexing-license:11.8.0] AndroidManifest.xml:5:5-20
MERGED from [com.google.android.gms:play-services-iid:11.8.0] AndroidManifest.xml:26:5-20
MERGED from [com.google.android.gms:play-services-iid-license:11.8.0] AndroidManifest.xml:5:5-20
MERGED from [com.google.android.gms:play-services-instantapps-license:11.8.0] AndroidManifest.xml:5:5-20
MERGED from [com.google.android.gms:play-services-location:11.8.0] AndroidManifest.xml:7:5-20
MERGED from [com.google.android.gms:play-services-location-license:11.8.0] AndroidManifest.xml:5:5-20
MERGED from [com.google.android.gms:play-services-nearby:11.8.0] AndroidManifest.xml:9:5-20
MERGED from [com.google.android.gms:play-services-nearby-license:11.8.0] AndroidManifest.xml:5:5-20
MERGED from [com.google.android.gms:play-services-panorama:11.8.0] AndroidManifest.xml:22:5-20
MERGED from [com.google.android.gms:play-services-panorama-license:11.8.0] AndroidManifest.xml:5:5-20
MERGED from [com.google.android.gms:play-services-places:11.8.0] AndroidManifest.xml:22:5-20
MERGED from [com.google.android.gms:play-services-places-license:11.8.0] AndroidManifest.xml:5:5-20
MERGED from [com.google.android.gms:play-services-plus:11.8.0] AndroidManifest.xml:22:5-20
MERGED from [com.google.android.gms:play-services-plus-license:11.8.0] AndroidManifest.xml:5:5-20
MERGED from [com.google.android.gms:play-services-safetynet:11.8.0] AndroidManifest.xml:22:5-20
MERGED from [com.google.android.gms:play-services-safetynet-license:11.8.0] AndroidManifest.xml:5:5-20
MERGED from [com.google.android.gms:play-services-tagmanager-api:11.8.0] AndroidManifest.xml:26:5-45:19
MERGED from [com.google.android.gms:play-services-tagmanager-api-license:11.8.0] AndroidManifest.xml:5:5-20
MERGED from [com.google.android.gms:play-services-tagmanager-license:11.8.0] AndroidManifest.xml:5:5-20
MERGED from [com.google.android.gms:play-services-tagmanager-v4-impl:11.8.0] AndroidManifest.xml:22:5-20
MERGED from [com.google.android.gms:play-services-analytics-impl:11.8.0] AndroidManifest.xml:29:5-20
MERGED from [com.google.android.gms:play-services-analytics-impl-license:11.8.0] AndroidManifest.xml:5:5-20
MERGED from [com.google.android.gms:play-services-tagmanager-v4-impl-license:11.8.0] AndroidManifest.xml:5:5-20
MERGED from [com.google.android.gms:play-services-vision:11.8.0] AndroidManifest.xml:7:5-20
MERGED from [com.google.android.gms:play-services-vision-common:11.8.0] AndroidManifest.xml:7:5-20
MERGED from [com.google.android.gms:play-services-vision-common-license:11.8.0] AndroidManifest.xml:5:5-20
MERGED from [com.google.android.gms:play-services-vision-license:11.8.0] AndroidManifest.xml:5:5-20
MERGED from [com.google.android.gms:play-services-identity:11.8.0] AndroidManifest.xml:22:5-20
MERGED from [com.google.android.gms:play-services-identity-license:11.8.0] AndroidManifest.xml:5:5-20
MERGED from [com.google.android.gms:play-services-maps:11.8.0] AndroidManifest.xml:30:5-20
MERGED from [com.google.android.gms:play-services-maps-license:11.8.0] AndroidManifest.xml:5:5-20
MERGED from [com.google.android.gms:play-services-wallet-license:11.8.0] AndroidManifest.xml:5:5-20
MERGED from [com.google.android.gms:play-services-wearable:11.8.0] AndroidManifest.xml:22:5-20
MERGED from [com.google.android.gms:play-services-base:11.8.0] AndroidManifest.xml:22:5-27:19
MERGED from [com.google.android.gms:play-services-base-license:11.8.0] AndroidManifest.xml:5:5-20
MERGED from [com.google.android.gms:play-services-wearable-license:11.8.0] AndroidManifest.xml:5:5-20
MERGED from [com.google.firebase:firebase-messaging:11.8.0] AndroidManifest.xml:22:5-35:19
MERGED from [com.google.firebase:firebase-messaging-license:11.8.0] AndroidManifest.xml:5:5-20
MERGED from [com.journeyapps:zxing-android-embedded:3.2.0] AndroidManifest.xml:45:5-53:19
MERGED from [com.google.firebase:firebase-core:11.8.0] AndroidManifest.xml:5:5-20
MERGED from [com.google.firebase:firebase-analytics:11.8.0] AndroidManifest.xml:27:5-52:19
MERGED from [com.google.firebase:firebase-analytics-impl:11.8.0] AndroidManifest.xml:27:5-38:19
MERGED from [com.google.firebase:firebase-iid:11.8.0] AndroidManifest.xml:34:5-57:19
MERGED from [com.google.firebase:firebase-iid-license:11.8.0] AndroidManifest.xml:5:5-20
MERGED from [com.google.firebase:firebase-common:11.8.0] AndroidManifest.xml:7:5-13:19
MERGED from [com.google.firebase:firebase-common-license:11.8.0] AndroidManifest.xml:5:5-20
MERGED from [com.google.android.gms:play-services-tasks:11.8.0] AndroidManifest.xml:7:5-20
MERGED from [com.google.android.gms:play-services-basement:11.8.0] AndroidManifest.xml:22:5-26:19
MERGED from [com.android.support:support-v4:26.0.0] AndroidManifest.xml:25:5-29:19
MERGED from [com.android.support:support-media-compat:26.0.0] AndroidManifest.xml:25:5-29:19
MERGED from [com.android.support:support-fragment:26.0.0] AndroidManifest.xml:25:5-29:19
MERGED from [com.android.support:support-core-ui:26.0.0] AndroidManifest.xml:25:5-29:19
MERGED from [com.android.support:support-core-utils:26.0.0] AndroidManifest.xml:25:5-29:19
MERGED from [com.android.support:support-compat:26.0.0] AndroidManifest.xml:25:5-29:19
MERGED from [com.google.android.gms:play-services-basement-license:11.8.0] AndroidManifest.xml:5:5-20
MERGED from [com.google.android.gms:play-services-tasks-license:11.8.0] AndroidManifest.xml:5:5-20
MERGED from [com.google.firebase:firebase-analytics-impl-license:11.8.0] AndroidManifest.xml:5:5-20
MERGED from [com.google.firebase:firebase-analytics-license:11.8.0] AndroidManifest.xml:5:5-20
	android:label
		ADDED from src\main\AndroidManifest.xml:46:9-41
	android:hardwareAccelerated
		ADDED from src\main\AndroidManifest.xml:44:9-43
	android:allowBackup
		ADDED from src\main\AndroidManifest.xml:43:9-35
	android:icon
		ADDED from src\main\AndroidManifest.xml:45:9-45
	android:theme
		ADDED from src\main\AndroidManifest.xml:47:9-40
	android:name
		ADDED from src\main\AndroidManifest.xml:42:9-35
meta-data#com.google.android.maps.v2.API_KEY
ADDED from src\main\AndroidManifest.xml:50:10-52:64
	android:value
		ADDED from src\main\AndroidManifest.xml:52:7-62
	android:name
		ADDED from src\main\AndroidManifest.xml:51:10-59
activity#com.ild.geocouponalert.Splash
ADDED from src\main\AndroidManifest.xml:58:9-68:20
	android:screenOrientation
		ADDED from src\main\AndroidManifest.xml:62:13-49
	android:label
		ADDED from src\main\AndroidManifest.xml:61:13-45
	android:configChanges
		ADDED from src\main\AndroidManifest.xml:60:13-48
	android:name
		ADDED from src\main\AndroidManifest.xml:59:13-35
intent-filter#android.intent.action.MAIN+android.intent.category.LAUNCHER
ADDED from src\main\AndroidManifest.xml:63:13-67:29
action#android.intent.action.MAIN
ADDED from src\main\AndroidManifest.xml:64:17-69
	android:name
		ADDED from src\main\AndroidManifest.xml:64:25-66
category#android.intent.category.LAUNCHER
ADDED from src\main\AndroidManifest.xml:66:17-77
	android:name
		ADDED from src\main\AndroidManifest.xml:66:27-74
activity#com.ild.geocouponalert.Welcome_screen
ADDED from src\main\AndroidManifest.xml:69:10-73:20
	android:screenOrientation
		ADDED from src\main\AndroidManifest.xml:72:13-49
	android:configChanges
		ADDED from src\main\AndroidManifest.xml:71:13-48
	android:name
		ADDED from src\main\AndroidManifest.xml:70:13-43
activity#com.ild.geocouponalert.AlertSetting
ADDED from src\main\AndroidManifest.xml:74:9-79:20
	android:screenOrientation
		ADDED from src\main\AndroidManifest.xml:78:13-49
	android:label
		ADDED from src\main\AndroidManifest.xml:77:13-61
	android:configChanges
		ADDED from src\main\AndroidManifest.xml:76:13-48
	android:name
		ADDED from src\main\AndroidManifest.xml:75:13-41
activity#com.ild.geocouponalert.EditMerchantDetails
ADDED from src\main\AndroidManifest.xml:80:9-85:20
	android:screenOrientation
		ADDED from src\main\AndroidManifest.xml:84:13-49
	android:label
		ADDED from src\main\AndroidManifest.xml:83:13-61
	android:configChanges
		ADDED from src\main\AndroidManifest.xml:82:13-48
	android:name
		ADDED from src\main\AndroidManifest.xml:81:13-48
activity#com.ild.geocouponalert.Agreement
ADDED from src\main\AndroidManifest.xml:86:9-91:20
	android:screenOrientation
		ADDED from src\main\AndroidManifest.xml:90:13-49
	android:label
		ADDED from src\main\AndroidManifest.xml:89:13-61
	android:configChanges
		ADDED from src\main\AndroidManifest.xml:88:13-48
	android:name
		ADDED from src\main\AndroidManifest.xml:87:13-38
activity#com.ild.geocouponalert.MerchantListHomePage
ADDED from src\main\AndroidManifest.xml:92:9-98:20
	android:screenOrientation
		ADDED from src\main\AndroidManifest.xml:97:13-49
	android:label
		ADDED from src\main\AndroidManifest.xml:95:13-45
	android:configChanges
		ADDED from src\main\AndroidManifest.xml:94:13-48
	android:theme
		ADDED from src\main\AndroidManifest.xml:96:13-56
	android:name
		ADDED from src\main\AndroidManifest.xml:93:13-49
activity#com.ild.geocouponalert.ActivationCodeScreen
ADDED from src\main\AndroidManifest.xml:99:9-104:20
	android:screenOrientation
		ADDED from src\main\AndroidManifest.xml:102:13-49
	android:label
		ADDED from src\main\AndroidManifest.xml:101:13-45
	android:windowSoftInputMode
		ADDED from src\main\AndroidManifest.xml:103:13-64
	android:name
		ADDED from src\main\AndroidManifest.xml:100:13-49
activity#com.ild.geocouponalert.PinCodeScreen
ADDED from src\main\AndroidManifest.xml:105:9-110:20
	android:screenOrientation
		ADDED from src\main\AndroidManifest.xml:109:13-49
	android:label
		ADDED from src\main\AndroidManifest.xml:108:13-45
	android:configChanges
		ADDED from src\main\AndroidManifest.xml:107:13-48
	android:name
		ADDED from src\main\AndroidManifest.xml:106:13-42
activity#com.ild.geocouponalert.MerchantSelectionScreen
ADDED from src\main\AndroidManifest.xml:111:9-116:20
	android:screenOrientation
		ADDED from src\main\AndroidManifest.xml:115:13-49
	android:label
		ADDED from src\main\AndroidManifest.xml:114:13-45
	android:configChanges
		ADDED from src\main\AndroidManifest.xml:113:13-48
	android:name
		ADDED from src\main\AndroidManifest.xml:112:13-52
activity#com.ild.geocouponalert.SettingScreen
ADDED from src\main\AndroidManifest.xml:117:9-122:20
	android:screenOrientation
		ADDED from src\main\AndroidManifest.xml:121:13-49
	android:label
		ADDED from src\main\AndroidManifest.xml:120:13-45
	android:configChanges
		ADDED from src\main\AndroidManifest.xml:119:13-48
	android:name
		ADDED from src\main\AndroidManifest.xml:118:13-42
activity#com.ild.geocouponalert.MerchantCouponDetails
ADDED from src\main\AndroidManifest.xml:123:9-128:20
	android:screenOrientation
		ADDED from src\main\AndroidManifest.xml:126:13-49
	android:label
		ADDED from src\main\AndroidManifest.xml:127:13-75
	android:configChanges
		ADDED from src\main\AndroidManifest.xml:125:13-48
	android:name
		ADDED from src\main\AndroidManifest.xml:124:13-50
activity#com.ild.geocouponalert.CouponDetails
ADDED from src\main\AndroidManifest.xml:129:9-134:20
	android:screenOrientation
		ADDED from src\main\AndroidManifest.xml:132:13-49
	android:label
		ADDED from src\main\AndroidManifest.xml:133:13-43
	android:configChanges
		ADDED from src\main\AndroidManifest.xml:131:13-48
	android:name
		ADDED from src\main\AndroidManifest.xml:130:13-42
activity#com.ild.geocouponalert.CouponFragment
ADDED from src\main\AndroidManifest.xml:135:10-137:52
	android:screenOrientation
		ADDED from src\main\AndroidManifest.xml:137:13-49
	android:configChanges
		ADDED from src\main\AndroidManifest.xml:136:14-49
	android:name
		ADDED from src\main\AndroidManifest.xml:135:20-50
activity#com.ild.geocouponalert.LocationFragment
ADDED from src\main\AndroidManifest.xml:138:9-140:51
	android:screenOrientation
		ADDED from src\main\AndroidManifest.xml:140:13-49
	android:configChanges
		ADDED from src\main\AndroidManifest.xml:139:13-48
	android:name
		ADDED from src\main\AndroidManifest.xml:138:19-51
activity#com.ild.geocouponalert.RedeemCouponDetails
ADDED from src\main\AndroidManifest.xml:141:10-146:20
	android:screenOrientation
		ADDED from src\main\AndroidManifest.xml:144:13-49
	android:configChanges
		ADDED from src\main\AndroidManifest.xml:143:13-48
	android:name
		ADDED from src\main\AndroidManifest.xml:142:13-48
activity#com.ild.geocouponalert.Login
ADDED from src\main\AndroidManifest.xml:147:9-152:20
	android:screenOrientation
		ADDED from src\main\AndroidManifest.xml:150:13-49
	android:configChanges
		ADDED from src\main\AndroidManifest.xml:149:13-48
	android:name
		ADDED from src\main\AndroidManifest.xml:148:13-34
activity#com.ild.geocouponalert.NearbyMerchants
ADDED from src\main\AndroidManifest.xml:153:9-159:20
	android:screenOrientation
		ADDED from src\main\AndroidManifest.xml:156:13-49
	android:configChanges
		ADDED from src\main\AndroidManifest.xml:155:13-48
	android:name
		ADDED from src\main\AndroidManifest.xml:154:13-44
activity#com.ild.geocouponalert.SuggestMerchant
ADDED from src\main\AndroidManifest.xml:160:9-165:20
	android:screenOrientation
		ADDED from src\main\AndroidManifest.xml:163:13-49
	android:configChanges
		ADDED from src\main\AndroidManifest.xml:162:13-48
	android:name
		ADDED from src\main\AndroidManifest.xml:161:13-44
activity#com.ild.geocouponalert.ChangeZipCode
ADDED from src\main\AndroidManifest.xml:166:9-171:20
	android:screenOrientation
		ADDED from src\main\AndroidManifest.xml:169:13-49
	android:configChanges
		ADDED from src\main\AndroidManifest.xml:168:13-48
	android:name
		ADDED from src\main\AndroidManifest.xml:167:13-42
activity#com.ild.geocouponalert.Registration
ADDED from src\main\AndroidManifest.xml:172:9-177:20
	android:screenOrientation
		ADDED from src\main\AndroidManifest.xml:175:13-49
	android:configChanges
		ADDED from src\main\AndroidManifest.xml:174:13-48
	android:name
		ADDED from src\main\AndroidManifest.xml:173:13-41
activity#com.ild.geocouponalert.ForgotPassword
ADDED from src\main\AndroidManifest.xml:178:9-183:20
	android:screenOrientation
		ADDED from src\main\AndroidManifest.xml:181:13-49
	android:configChanges
		ADDED from src\main\AndroidManifest.xml:180:13-48
	android:name
		ADDED from src\main\AndroidManifest.xml:179:13-43
activity#com.ild.geocouponalert.ChangePassword
ADDED from src\main\AndroidManifest.xml:184:9-189:20
	android:screenOrientation
		ADDED from src\main\AndroidManifest.xml:187:13-49
	android:configChanges
		ADDED from src\main\AndroidManifest.xml:186:13-48
	android:name
		ADDED from src\main\AndroidManifest.xml:185:13-43
activity#com.ild.geocouponalert.CouponRedeemFragment
ADDED from src\main\AndroidManifest.xml:190:9-192:51
	android:screenOrientation
		ADDED from src\main\AndroidManifest.xml:192:13-49
	android:configChanges
		ADDED from src\main\AndroidManifest.xml:191:13-48
	android:name
		ADDED from src\main\AndroidManifest.xml:190:19-55
activity#com.ild.geocouponalert.RedeemFragment
ADDED from src\main\AndroidManifest.xml:194:9-196:51
	android:screenOrientation
		ADDED from src\main\AndroidManifest.xml:196:13-49
	android:configChanges
		ADDED from src\main\AndroidManifest.xml:195:13-48
	android:name
		ADDED from src\main\AndroidManifest.xml:194:19-49
activity#com.ild.geocouponalert.LocationRedeemFragment
ADDED from src\main\AndroidManifest.xml:198:9-200:51
	android:screenOrientation
		ADDED from src\main\AndroidManifest.xml:200:13-49
	android:configChanges
		ADDED from src\main\AndroidManifest.xml:199:13-48
	android:name
		ADDED from src\main\AndroidManifest.xml:198:19-57
activity#com.ild.geocouponalert.MapBusinessLocation
ADDED from src\main\AndroidManifest.xml:202:9-204:51
	android:screenOrientation
		ADDED from src\main\AndroidManifest.xml:204:13-49
	android:configChanges
		ADDED from src\main\AndroidManifest.xml:203:13-48
	android:name
		ADDED from src\main\AndroidManifest.xml:202:19-54
activity#com.ild.geocouponalert.MapRedeemBusinessLocation
ADDED from src\main\AndroidManifest.xml:206:10-208:51
	android:screenOrientation
		ADDED from src\main\AndroidManifest.xml:208:13-49
	android:configChanges
		ADDED from src\main\AndroidManifest.xml:207:13-48
	android:name
		ADDED from src\main\AndroidManifest.xml:206:20-61
receiver#com.ild.geocouponalert.GeofenceReceiver
ADDED from src\main\AndroidManifest.xml:211:6-216:17
	android:exported
		ADDED from src\main\AndroidManifest.xml:212:10-34
	android:name
		ADDED from src\main\AndroidManifest.xml:211:16-70
intent-filter#com.ild.geocouponalert.ACTION_RECEIVE_GEOFENCE
ADDED from src\main\AndroidManifest.xml:213:10-215:26
action#com.ild.geocouponalert.ACTION_RECEIVE_GEOFENCE
ADDED from src\main\AndroidManifest.xml:214:14-85
	android:name
		ADDED from src\main\AndroidManifest.xml:214:22-83
receiver#com.ild.geocouponalert.BootCompletedGeofenceReceiver
ADDED from src\main\AndroidManifest.xml:218:3-222:14
	android:name
		ADDED from src\main\AndroidManifest.xml:218:13-80
intent-filter#android.intent.action.BOOT_COMPLETED
ADDED from src\main\AndroidManifest.xml:219:7-221:23
action#android.intent.action.BOOT_COMPLETED
ADDED from src\main\AndroidManifest.xml:220:11-72
	android:name
		ADDED from src\main\AndroidManifest.xml:220:19-70
service#com.ild.geocouponalert.fcm.MyFirebaseMessagingService
ADDED from src\main\AndroidManifest.xml:226:9-230:19
	android:name
		ADDED from src\main\AndroidManifest.xml:226:18-86
intent-filter#com.google.firebase.MESSAGING_EVENT
ADDED from src\main\AndroidManifest.xml:227:13-229:29
action#com.google.firebase.MESSAGING_EVENT
ADDED from src\main\AndroidManifest.xml:228:17-78
	android:name
		ADDED from src\main\AndroidManifest.xml:228:25-75
service#com.ild.geocouponalert.fcm.MyFirebaseInstanceIDService
ADDED from src\main\AndroidManifest.xml:233:9-237:19
	android:name
		ADDED from src\main\AndroidManifest.xml:233:18-87
intent-filter#com.google.firebase.INSTANCE_ID_EVENT
ADDED from src\main\AndroidManifest.xml:234:13-236:29
action#com.google.firebase.INSTANCE_ID_EVENT
ADDED from src\main\AndroidManifest.xml:235:17-80
	android:name
		ADDED from src\main\AndroidManifest.xml:235:25-77
uses-sdk
INJECTED from src\main\AndroidManifest.xml reason: use-sdk injection requested
MERGED from [com.android.support:design:26.0.0] AndroidManifest.xml:21:5-23:62
MERGED from [com.android.support:multidex:1.0.1] AndroidManifest.xml:18:5-42
MERGED from [com.android.support:recyclerview-v7:26.0.0] AndroidManifest.xml:20:5-44
MERGED from [com.android.support:transition:26.0.0] AndroidManifest.xml:20:5-44
MERGED from [com.google.android.gms:play-services:11.8.0] AndroidManifest.xml:4:5-43
MERGED from [com.google.android.gms:play-services-ads:11.8.0] AndroidManifest.xml:21:5-23:62
MERGED from [com.google.android.gms:play-services-ads-license:11.8.0] AndroidManifest.xml:4:5-43
MERGED from [com.google.android.gms:play-services-ads-lite:11.8.0] AndroidManifest.xml:20:5-44
MERGED from [com.google.android.gms:play-services-ads-lite-license:11.8.0] AndroidManifest.xml:4:5-43
MERGED from [com.google.android.gms:play-services-analytics:11.8.0] AndroidManifest.xml:20:5-44
MERGED from [com.google.android.gms:play-services-analytics-license:11.8.0] AndroidManifest.xml:4:5-43
MERGED from [com.google.android.gms:play-services-appinvite:11.8.0] AndroidManifest.xml:20:5-44
MERGED from [com.google.android.gms:play-services-appinvite-license:11.8.0] AndroidManifest.xml:4:5-43
MERGED from [com.google.android.gms:play-services-auth:11.8.0] AndroidManifest.xml:20:5-44
MERGED from [com.google.android.gms:play-services-auth-api-phone:11.8.0] AndroidManifest.xml:5:5-44
MERGED from [com.google.android.gms:play-services-auth-api-phone-license:11.8.0] AndroidManifest.xml:4:5-43
MERGED from [com.google.android.gms:play-services-auth-base:11.8.0] AndroidManifest.xml:5:5-44
MERGED from [com.google.android.gms:play-services-auth-base-license:11.8.0] AndroidManifest.xml:4:5-43